<?xml version="1.0" encoding="UTF-8"?>
<coverage generated="1596689924210" clover="3.2.0">
  <project timestamp="1596689924210" name="All files">
    <metrics statements="8" coveredstatements="5" conditionals="0" coveredconditionals="0" methods="3" coveredmethods="2" elements="11" coveredelements="7" complexity="0" loc="8" ncloc="8" packages="1" files="1" classes="1"/>
    <file name="index.ts" path="H:\mine\awesome-widgets\src\index.ts">
      <metrics statements="8" coveredstatements="5" conditionals="0" coveredconditionals="0" methods="3" coveredmethods="2"/>
      <line num="7" count="1" type="stmt"/>
      <line num="8" count="1" type="stmt"/>
      <line num="15" count="1" type="stmt"/>
      <line num="17" count="0" type="stmt"/>
      <line num="18" count="0" type="stmt"/>
      <line num="23" count="1" type="stmt"/>
      <line num="24" count="0" type="stmt"/>
      <line num="26" count="1" type="stmt"/>
    </file>
  </project>
</coverage>
